[3396:9884:0620/170657.646:WARNING:chrome_command_line_pref_store.cc(123)] Additional command-line proxy switches specified when --no-proxy-server was also specified.
[3396:9884:0620/170657.649:WARNING:chrome_command_line_pref_store.cc(123)] Additional command-line proxy switches specified when --no-proxy-server was also specified.
[3396:9884:0620/170657.708:WARNING:chrome_command_line_pref_store.cc(123)] Additional command-line proxy switches specified when --no-proxy-server was also specified.
[3396:8612:0620/170657.930:WARNING:leveldb_database.cc(106)] Unable to open C:\Users\AzizMugdal\git\24-7PeopleXCDPayroll\.provarCaches\.chromeProfiles\profile0\Default\shared_proto_db: Invalid argument: C:\Users\AzizMugdal\git\24-7PeopleXCDPayroll\.provarCaches\.chromeProfiles\profile0\Default\shared_proto_db: does not exist (create_if_missing is false)
[3396:9884:0620/170709.028:INFO:CONSOLE(28)] "[object Object]", source: https://xcdautomationlex--payrolfull.lightning.force.com/libraries/instrumentation/beaconLib/BeaconLibrary.js (28)
[3396:9884:0620/170711.817:INFO:CONSOLE(28)] "[object Object]", source: https://xcdautomationlex--payrolfull.lightning.force.com/libraries/instrumentation/beaconLib/BeaconLibrary.js (28)
[3396:9884:0620/170713.958:INFO:CONSOLE(346)] "WARNING: Tried to load AngularJS more than once.", source: https://code.angularjs.org/snapshot/angular.min.js (346)
[3396:9884:0620/170713.990:INFO:CONSOLE(246)] "WARNING: Tried to load angular more than once.", source: https://cdnjs.cloudflare.com/ajax/libs/angular.js/1.3.0/angular.min.js (246)
[3396:9884:0620/170714.128:INFO:CONSOLE(152)] "[LEXI:navigator:communication] waiting for connection on page", source: https://xcdautomationlex--payrolfull--xcdhcm.cs107.visual.force.com/jslibrary/1555358298220/sfdc/AuraAlohaFrameNavigator.js (152)
[3396:9884:0620/170714.279:INFO:CONSOLE(153)] "[LEXI:navigator:communication] connection established on page", source: https://xcdautomationlex--payrolfull--xcdhcm.cs107.visual.force.com/jslibrary/1555358298220/sfdc/AuraAlohaFrameNavigator.js (153)
[3396:9884:0620/170755.996:INFO:CONSOLE(152)] "[LEXI:navigator:communication] waiting for connection on page", source: https://xcdautomationlex--payrolfull--xcdhcm.cs107.visual.force.com/jslibrary/1555358298220/sfdc/AuraAlohaFrameNavigator.js (152)
[3396:9884:0620/170756.119:INFO:CONSOLE(153)] "[LEXI:navigator:communication] connection established on page", source: https://xcdautomationlex--payrolfull--xcdhcm.cs107.visual.force.com/jslibrary/1555358298220/sfdc/AuraAlohaFrameNavigator.js (153)
[3396:9884:0620/170756.255:INFO:CONSOLE(28)] "[object Object]", source: https://xcdautomationlex--payrolfull.lightning.force.com/libraries/instrumentation/beaconLib/BeaconLibrary.js (28)
[3396:9884:0620/170835.049:INFO:CONSOLE(152)] "[LEXI:navigator:communication] waiting for connection on page", source: https://xcdautomationlex--payrolfull--xcdhcm.cs107.visual.force.com/jslibrary/1555358298220/sfdc/AuraAlohaFrameNavigator.js (152)
[3396:9884:0620/170835.155:INFO:CONSOLE(153)] "[LEXI:navigator:communication] connection established on page", source: https://xcdautomationlex--payrolfull--xcdhcm.cs107.visual.force.com/jslibrary/1555358298220/sfdc/AuraAlohaFrameNavigator.js (153)
[3396:9884:0620/170835.282:INFO:CONSOLE(28)] "[object Object]", source: https://xcdautomationlex--payrolfull.lightning.force.com/libraries/instrumentation/beaconLib/BeaconLibrary.js (28)
[3396:9884:0620/170845.314:INFO:CONSOLE(213)] "WARNING: Tried to load angular more than once.", source: https://ajax.googleapis.com/ajax/libs/angularjs/1.2.23/angular.min.js (213)
[3396:9884:0620/170845.377:INFO:CONSOLE(152)] "[LEXI:navigator:communication] waiting for connection on page", source: https://xcdautomationlex--payrolfull--xcdhcm.cs107.visual.force.com/jslibrary/1555358298220/sfdc/AuraAlohaFrameNavigator.js (152)
[3396:9884:0620/170845.509:INFO:CONSOLE(153)] "[LEXI:navigator:communication] connection established on page", source: https://xcdautomationlex--payrolfull--xcdhcm.cs107.visual.force.com/jslibrary/1555358298220/sfdc/AuraAlohaFrameNavigator.js (153)
[3396:9884:0620/170845.900:INFO:CONSOLE(28)] "[object Object]", source: https://xcdautomationlex--payrolfull.lightning.force.com/libraries/instrumentation/beaconLib/BeaconLibrary.js (28)
[3396:9884:0620/171000.333:INFO:CONSOLE(213)] "WARNING: Tried to load angular more than once.", source: https://ajax.googleapis.com/ajax/libs/angularjs/1.2.23/angular.min.js (213)
[3396:9884:0620/171000.373:INFO:CONSOLE(152)] "[LEXI:navigator:communication] waiting for connection on page", source: https://xcdautomationlex--payrolfull--xcdhcm.cs107.visual.force.com/jslibrary/1555358298220/sfdc/AuraAlohaFrameNavigator.js (152)
[3396:9884:0620/171000.553:INFO:CONSOLE(153)] "[LEXI:navigator:communication] connection established on page", source: https://xcdautomationlex--payrolfull--xcdhcm.cs107.visual.force.com/jslibrary/1555358298220/sfdc/AuraAlohaFrameNavigator.js (153)
