[9060:15172:0621/155425.435:WARNING:chrome_command_line_pref_store.cc(123)] Additional command-line proxy switches specified when --no-proxy-server was also specified.
[9060:15172:0621/155425.438:WARNING:chrome_command_line_pref_store.cc(123)] Additional command-line proxy switches specified when --no-proxy-server was also specified.
[9060:15172:0621/155425.492:WARNING:chrome_command_line_pref_store.cc(123)] Additional command-line proxy switches specified when --no-proxy-server was also specified.
[9060:13884:0621/155425.676:WARNING:leveldb_database.cc(106)] Unable to open C:\Users\AzizMugdal\git\24-7PeopleXCDPayroll\.provarCaches\.chromeProfiles\profile2\Default\shared_proto_db: Invalid argument: C:\Users\AzizMugdal\git\24-7PeopleXCDPayroll\.provarCaches\.chromeProfiles\profile2\Default\shared_proto_db: does not exist (create_if_missing is false)
[9060:15172:0621/155437.037:INFO:CONSOLE(28)] "[object Object]", source: https://xcdautomationlex--payrolfull.lightning.force.com/libraries/instrumentation/beaconLib/BeaconLibrary.js (28)
[9060:15172:0621/155438.744:INFO:CONSOLE(28)] "[object Object]", source: https://xcdautomationlex--payrolfull.lightning.force.com/libraries/instrumentation/beaconLib/BeaconLibrary.js (28)
[9060:15172:0621/155440.810:INFO:CONSOLE(346)] "WARNING: Tried to load AngularJS more than once.", source: https://code.angularjs.org/snapshot/angular.min.js (346)
[9060:15172:0621/155440.873:INFO:CONSOLE(246)] "WARNING: Tried to load angular more than once.", source: https://cdnjs.cloudflare.com/ajax/libs/angular.js/1.3.0/angular.min.js (246)
[9060:15172:0621/155441.022:INFO:CONSOLE(152)] "[LEXI:navigator:communication] waiting for connection on page", source: https://xcdautomationlex--payrolfull--xcdhcm.cs107.visual.force.com/jslibrary/1555358298220/sfdc/AuraAlohaFrameNavigator.js (152)
[9060:15172:0621/155441.152:INFO:CONSOLE(153)] "[LEXI:navigator:communication] connection established on page", source: https://xcdautomationlex--payrolfull--xcdhcm.cs107.visual.force.com/jslibrary/1555358298220/sfdc/AuraAlohaFrameNavigator.js (153)
[9060:15172:0621/155521.273:INFO:CONSOLE(152)] "[LEXI:navigator:communication] waiting for connection on page", source: https://xcdautomationlex--payrolfull--xcdhcm.cs107.visual.force.com/jslibrary/1555358298220/sfdc/AuraAlohaFrameNavigator.js (152)
[9060:15172:0621/155521.386:INFO:CONSOLE(153)] "[LEXI:navigator:communication] connection established on page", source: https://xcdautomationlex--payrolfull--xcdhcm.cs107.visual.force.com/jslibrary/1555358298220/sfdc/AuraAlohaFrameNavigator.js (153)
[9060:15172:0621/155521.567:INFO:CONSOLE(28)] "[object Object]", source: https://xcdautomationlex--payrolfull.lightning.force.com/libraries/instrumentation/beaconLib/BeaconLibrary.js (28)
[9060:15172:0621/155603.391:INFO:CONSOLE(152)] "[LEXI:navigator:communication] waiting for connection on page", source: https://xcdautomationlex--payrolfull--xcdhcm.cs107.visual.force.com/jslibrary/1555358298220/sfdc/AuraAlohaFrameNavigator.js (152)
[9060:15172:0621/155603.495:INFO:CONSOLE(153)] "[LEXI:navigator:communication] connection established on page", source: https://xcdautomationlex--payrolfull--xcdhcm.cs107.visual.force.com/jslibrary/1555358298220/sfdc/AuraAlohaFrameNavigator.js (153)
[9060:15172:0621/155603.640:INFO:CONSOLE(28)] "[object Object]", source: https://xcdautomationlex--payrolfull.lightning.force.com/libraries/instrumentation/beaconLib/BeaconLibrary.js (28)
[9060:15172:0621/155613.474:INFO:CONSOLE(213)] "WARNING: Tried to load angular more than once.", source: https://ajax.googleapis.com/ajax/libs/angularjs/1.2.23/angular.min.js (213)
[9060:15172:0621/155613.537:INFO:CONSOLE(152)] "[LEXI:navigator:communication] waiting for connection on page", source: https://xcdautomationlex--payrolfull--xcdhcm.cs107.visual.force.com/jslibrary/1555358298220/sfdc/AuraAlohaFrameNavigator.js (152)
[9060:15172:0621/155613.680:INFO:CONSOLE(153)] "[LEXI:navigator:communication] connection established on page", source: https://xcdautomationlex--payrolfull--xcdhcm.cs107.visual.force.com/jslibrary/1555358298220/sfdc/AuraAlohaFrameNavigator.js (153)
[9060:15172:0621/155613.923:INFO:CONSOLE(28)] "[object Object]", source: https://xcdautomationlex--payrolfull.lightning.force.com/libraries/instrumentation/beaconLib/BeaconLibrary.js (28)
[9060:10876:0621/155656.319:ERROR:browser_process_sub_thread.cc(217)] Waited 233 ms for network service
[9060:15172:0621/155656.324:WARNING:pref_notifier_impl.cc(23)] Pref observer found at shutdown.
[9060:15172:0621/155656.324:WARNING:pref_notifier_impl.cc(23)] Pref observer found at shutdown.
[9060:15172:0621/155656.324:WARNING:pref_notifier_impl.cc(23)] Pref observer found at shutdown.
