[7736:8156:0704/120225.155:WARNING:chrome_command_line_pref_store.cc(122)] Additional command-line proxy switches specified when --no-proxy-server was also specified.
[7736:8156:0704/120225.159:WARNING:chrome_command_line_pref_store.cc(122)] Additional command-line proxy switches specified when --no-proxy-server was also specified.
[7736:8156:0704/120225.214:WARNING:chrome_command_line_pref_store.cc(122)] Additional command-line proxy switches specified when --no-proxy-server was also specified.
[7736:13280:0704/120225.541:WARNING:leveldb_database.cc(106)] Unable to open C:\Users\AzizMugdal\git\24-7PeopleXCDPayroll\.provarCaches\.chromeProfiles\profile1\Default\shared_proto_db: Invalid argument: C:\Users\AzizMugdal\git\24-7PeopleXCDPayroll\.provarCaches\.chromeProfiles\profile1\Default\shared_proto_db: does not exist (create_if_missing is false)
[7736:1352:0704/120228.309:WARNING:backend_impl.cc(1846)] Destroying invalid entry.
[7736:8156:0704/120236.329:INFO:CONSOLE(28)] "[object Object]", source: https://xcdautomationlex--payrolfull.lightning.force.com/libraries/instrumentation/beaconLib/BeaconLibrary.js (28)
[7736:8156:0704/120238.205:INFO:CONSOLE(28)] "[object Object]", source: https://xcdautomationlex--payrolfull.lightning.force.com/libraries/instrumentation/beaconLib/BeaconLibrary.js (28)
[7736:8156:0704/120240.503:INFO:CONSOLE(346)] "WARNING: Tried to load AngularJS more than once.", source: https://code.angularjs.org/snapshot/angular.min.js (346)
[7736:8156:0704/120240.533:INFO:CONSOLE(246)] "WARNING: Tried to load angular more than once.", source: https://cdnjs.cloudflare.com/ajax/libs/angular.js/1.3.0/angular.min.js (246)
[7736:8156:0704/120240.667:INFO:CONSOLE(155)] "[LEXI:navigator:communication] waiting for connection on page", source: https://xcdautomationlex--payrolfull--xcdhcm.cs107.visual.force.com/jslibrary/1560967074220/sfdc/AuraAlohaFrameNavigator.js (155)
[7736:8156:0704/120240.816:INFO:CONSOLE(156)] "[LEXI:navigator:communication] connection established on page", source: https://xcdautomationlex--payrolfull--xcdhcm.cs107.visual.force.com/jslibrary/1560967074220/sfdc/AuraAlohaFrameNavigator.js (156)
[7736:8156:0704/120308.412:INFO:CONSOLE(346)] "WARNING: Tried to load AngularJS more than once.", source: https://code.angularjs.org/snapshot/angular.min.js (346)
[7736:8156:0704/120308.452:INFO:CONSOLE(246)] "WARNING: Tried to load angular more than once.", source: https://cdnjs.cloudflare.com/ajax/libs/angular.js/1.3.0/angular.min.js (246)
[7736:8156:0704/120308.573:INFO:CONSOLE(155)] "[LEXI:navigator:communication] waiting for connection on page", source: https://xcdautomationlex--payrolfull--xcdhcm.cs107.visual.force.com/jslibrary/1560967074220/sfdc/AuraAlohaFrameNavigator.js (155)
[7736:8156:0704/120308.699:INFO:CONSOLE(156)] "[LEXI:navigator:communication] connection established on page", source: https://xcdautomationlex--payrolfull--xcdhcm.cs107.visual.force.com/jslibrary/1560967074220/sfdc/AuraAlohaFrameNavigator.js (156)
[7736:8156:0704/120308.888:INFO:CONSOLE(28)] "[object Object]", source: https://xcdautomationlex--payrolfull.lightning.force.com/libraries/instrumentation/beaconLib/BeaconLibrary.js (28)
[7736:8156:0704/120341.593:INFO:CONSOLE(155)] "[LEXI:navigator:communication] waiting for connection on page", source: https://xcdautomationlex--payrolfull--xcdhcm.cs107.visual.force.com/jslibrary/1560967074220/sfdc/AuraAlohaFrameNavigator.js (155)
[7736:8156:0704/120341.715:INFO:CONSOLE(156)] "[LEXI:navigator:communication] connection established on page", source: https://xcdautomationlex--payrolfull--xcdhcm.cs107.visual.force.com/jslibrary/1560967074220/sfdc/AuraAlohaFrameNavigator.js (156)
[7736:8156:0704/120341.849:INFO:CONSOLE(28)] "[object Object]", source: https://xcdautomationlex--payrolfull.lightning.force.com/libraries/instrumentation/beaconLib/BeaconLibrary.js (28)
[7736:8156:0704/120400.591:INFO:CONSOLE(28)] "[object Object]", source: https://xcdautomationlex--payrolfull.lightning.force.com/libraries/instrumentation/beaconLib/BeaconLibrary.js (28)
[7736:8156:0704/120412.959:INFO:CONSOLE(28)] "[object Object]", source: https://xcdautomationlex--payrolfull.lightning.force.com/libraries/instrumentation/beaconLib/BeaconLibrary.js (28)
[7736:8156:0704/120425.455:INFO:CONSOLE(213)] "WARNING: Tried to load angular more than once.", source: https://ajax.googleapis.com/ajax/libs/angularjs/1.2.23/angular.min.js (213)
[7736:8156:0704/120425.588:INFO:CONSOLE(155)] "[LEXI:navigator:communication] waiting for connection on page", source: https://xcdautomationlex--payrolfull--xcdhcm.cs107.visual.force.com/jslibrary/1560967074220/sfdc/AuraAlohaFrameNavigator.js (155)
[7736:8156:0704/120425.705:INFO:CONSOLE(156)] "[LEXI:navigator:communication] connection established on page", source: https://xcdautomationlex--payrolfull--xcdhcm.cs107.visual.force.com/jslibrary/1560967074220/sfdc/AuraAlohaFrameNavigator.js (156)
[7736:8156:0704/120425.857:INFO:CONSOLE(28)] "[object Object]", source: https://xcdautomationlex--payrolfull.lightning.force.com/libraries/instrumentation/beaconLib/BeaconLibrary.js (28)
[7736:8156:0704/120425.870:INFO:CONSOLE(28)] "[object Object]", source: https://xcdautomationlex--payrolfull.lightning.force.com/libraries/instrumentation/beaconLib/BeaconLibrary.js (28)
[7736:8156:0704/120437.288:INFO:CONSOLE(213)] "WARNING: Tried to load angular more than once.", source: https://ajax.googleapis.com/ajax/libs/angularjs/1.2.23/angular.min.js (213)
[7736:8156:0704/120437.375:INFO:CONSOLE(155)] "[LEXI:navigator:communication] waiting for connection on page", source: https://xcdautomationlex--payrolfull--xcdhcm.cs107.visual.force.com/jslibrary/1560967074220/sfdc/AuraAlohaFrameNavigator.js (155)
[7736:8156:0704/120437.490:INFO:CONSOLE(156)] "[LEXI:navigator:communication] connection established on page", source: https://xcdautomationlex--payrolfull--xcdhcm.cs107.visual.force.com/jslibrary/1560967074220/sfdc/AuraAlohaFrameNavigator.js (156)
[7736:8156:0704/120437.769:INFO:CONSOLE(28)] "[object Object]", source: https://xcdautomationlex--payrolfull.lightning.force.com/libraries/instrumentation/beaconLib/BeaconLibrary.js (28)
[7736:8156:0704/120538.058:INFO:CONSOLE(213)] "WARNING: Tried to load angular more than once.", source: https://ajax.googleapis.com/ajax/libs/angularjs/1.2.23/angular.min.js (213)
[7736:8156:0704/120538.117:INFO:CONSOLE(155)] "[LEXI:navigator:communication] waiting for connection on page", source: https://xcdautomationlex--payrolfull--xcdhcm.cs107.visual.force.com/jslibrary/1560967074220/sfdc/AuraAlohaFrameNavigator.js (155)
[7736:8156:0704/120538.234:INFO:CONSOLE(156)] "[LEXI:navigator:communication] connection established on page", source: https://xcdautomationlex--payrolfull--xcdhcm.cs107.visual.force.com/jslibrary/1560967074220/sfdc/AuraAlohaFrameNavigator.js (156)
[7736:8156:0704/120538.452:INFO:CONSOLE(28)] "[object Object]", source: https://xcdautomationlex--payrolfull.lightning.force.com/libraries/instrumentation/beaconLib/BeaconLibrary.js (28)
[7736:8156:0704/120538.778:INFO:CONSOLE(28)] "[object Object]", source: https://xcdautomationlex--payrolfull.lightning.force.com/libraries/instrumentation/beaconLib/BeaconLibrary.js (28)
