[208:3140:0703/132239.792:WARNING:chrome_command_line_pref_store.cc(122)] Additional command-line proxy switches specified when --no-proxy-server was also specified.
[208:3140:0703/132239.797:WARNING:chrome_command_line_pref_store.cc(122)] Additional command-line proxy switches specified when --no-proxy-server was also specified.
[208:3140:0703/132239.854:WARNING:chrome_command_line_pref_store.cc(122)] Additional command-line proxy switches specified when --no-proxy-server was also specified.
[208:9072:0703/132240.226:WARNING:leveldb_database.cc(106)] Unable to open C:\Users\AzizMugdal\git\24-7PeopleXCDPayroll\.provarCaches\.chromeProfiles\profile6\Default\shared_proto_db: Invalid argument: C:\Users\AzizMugdal\git\24-7PeopleXCDPayroll\.provarCaches\.chromeProfiles\profile6\Default\shared_proto_db: does not exist (create_if_missing is false)
[208:3140:0703/132251.540:INFO:CONSOLE(28)] "[object Object]", source: https://xcdautomationlex--payrolfull.lightning.force.com/libraries/instrumentation/beaconLib/BeaconLibrary.js (28)
[208:3140:0703/132254.433:INFO:CONSOLE(28)] "[object Object]", source: https://xcdautomationlex--payrolfull.lightning.force.com/libraries/instrumentation/beaconLib/BeaconLibrary.js (28)
[208:3140:0703/132256.941:INFO:CONSOLE(346)] "WARNING: Tried to load AngularJS more than once.", source: https://code.angularjs.org/snapshot/angular.min.js (346)
[208:3140:0703/132257.006:INFO:CONSOLE(246)] "WARNING: Tried to load angular more than once.", source: https://cdnjs.cloudflare.com/ajax/libs/angular.js/1.3.0/angular.min.js (246)
[208:3140:0703/132257.169:INFO:CONSOLE(155)] "[LEXI:navigator:communication] waiting for connection on page", source: https://xcdautomationlex--payrolfull--xcdhcm.cs107.visual.force.com/jslibrary/1560967074220/sfdc/AuraAlohaFrameNavigator.js (155)
[208:3140:0703/132257.321:INFO:CONSOLE(156)] "[LEXI:navigator:communication] connection established on page", source: https://xcdautomationlex--payrolfull--xcdhcm.cs107.visual.force.com/jslibrary/1560967074220/sfdc/AuraAlohaFrameNavigator.js (156)
[208:3140:0703/132336.251:INFO:CONSOLE(155)] "[LEXI:navigator:communication] waiting for connection on page", source: https://xcdautomationlex--payrolfull--xcdhcm.cs107.visual.force.com/jslibrary/1560967074220/sfdc/AuraAlohaFrameNavigator.js (155)
[208:3140:0703/132336.372:INFO:CONSOLE(156)] "[LEXI:navigator:communication] connection established on page", source: https://xcdautomationlex--payrolfull--xcdhcm.cs107.visual.force.com/jslibrary/1560967074220/sfdc/AuraAlohaFrameNavigator.js (156)
[208:3140:0703/132336.529:INFO:CONSOLE(28)] "[object Object]", source: https://xcdautomationlex--payrolfull.lightning.force.com/libraries/instrumentation/beaconLib/BeaconLibrary.js (28)
[208:3140:0703/132414.807:INFO:CONSOLE(155)] "[LEXI:navigator:communication] waiting for connection on page", source: https://xcdautomationlex--payrolfull--xcdhcm.cs107.visual.force.com/jslibrary/1560967074220/sfdc/AuraAlohaFrameNavigator.js (155)
[208:3140:0703/132414.920:INFO:CONSOLE(156)] "[LEXI:navigator:communication] connection established on page", source: https://xcdautomationlex--payrolfull--xcdhcm.cs107.visual.force.com/jslibrary/1560967074220/sfdc/AuraAlohaFrameNavigator.js (156)
[208:3140:0703/132415.091:INFO:CONSOLE(28)] "[object Object]", source: https://xcdautomationlex--payrolfull.lightning.force.com/libraries/instrumentation/beaconLib/BeaconLibrary.js (28)
[208:3140:0703/132425.094:INFO:CONSOLE(213)] "WARNING: Tried to load angular more than once.", source: https://ajax.googleapis.com/ajax/libs/angularjs/1.2.23/angular.min.js (213)
[208:3140:0703/132425.311:INFO:CONSOLE(155)] "[LEXI:navigator:communication] waiting for connection on page", source: https://xcdautomationlex--payrolfull--xcdhcm.cs107.visual.force.com/jslibrary/1560967074220/sfdc/AuraAlohaFrameNavigator.js (155)
[208:3140:0703/132425.455:INFO:CONSOLE(156)] "[LEXI:navigator:communication] connection established on page", source: https://xcdautomationlex--payrolfull--xcdhcm.cs107.visual.force.com/jslibrary/1560967074220/sfdc/AuraAlohaFrameNavigator.js (156)
[208:3140:0703/132425.768:INFO:CONSOLE(28)] "[object Object]", source: https://xcdautomationlex--payrolfull.lightning.force.com/libraries/instrumentation/beaconLib/BeaconLibrary.js (28)
[208:3140:0703/132606.805:INFO:CONSOLE(213)] "WARNING: Tried to load angular more than once.", source: https://ajax.googleapis.com/ajax/libs/angularjs/1.2.23/angular.min.js (213)
[208:3140:0703/132606.965:INFO:CONSOLE(155)] "[LEXI:navigator:communication] waiting for connection on page", source: https://xcdautomationlex--payrolfull--xcdhcm.cs107.visual.force.com/jslibrary/1560967074220/sfdc/AuraAlohaFrameNavigator.js (155)
[208:3140:0703/132607.083:INFO:CONSOLE(156)] "[LEXI:navigator:communication] connection established on page", source: https://xcdautomationlex--payrolfull--xcdhcm.cs107.visual.force.com/jslibrary/1560967074220/sfdc/AuraAlohaFrameNavigator.js (156)
[208:3140:0703/132607.219:INFO:CONSOLE(28)] "[object Object]", source: https://xcdautomationlex--payrolfull.lightning.force.com/libraries/instrumentation/beaconLib/BeaconLibrary.js (28)
[208:3140:0703/132607.223:INFO:CONSOLE(28)] "[object Object]", source: https://xcdautomationlex--payrolfull.lightning.force.com/libraries/instrumentation/beaconLib/BeaconLibrary.js (28)
[208:3140:0703/132804.989:INFO:CONSOLE(213)] "WARNING: Tried to load angular more than once.", source: https://ajax.googleapis.com/ajax/libs/angularjs/1.2.23/angular.min.js (213)
[208:3140:0703/132805.028:INFO:CONSOLE(155)] "[LEXI:navigator:communication] waiting for connection on page", source: https://xcdautomationlex--payrolfull--xcdhcm.cs107.visual.force.com/jslibrary/1560967074220/sfdc/AuraAlohaFrameNavigator.js (155)
[208:3140:0703/132805.166:INFO:CONSOLE(156)] "[LEXI:navigator:communication] connection established on page", source: https://xcdautomationlex--payrolfull--xcdhcm.cs107.visual.force.com/jslibrary/1560967074220/sfdc/AuraAlohaFrameNavigator.js (156)
[208:3140:0703/132805.385:INFO:CONSOLE(28)] "[object Object]", source: https://xcdautomationlex--payrolfull.lightning.force.com/libraries/instrumentation/beaconLib/BeaconLibrary.js (28)
[208:3140:0703/133034.931:INFO:CONSOLE(82)] "Synchronous XMLHttpRequest on the main thread is deprecated because of its detrimental effects to the end user's experience. For more help, check https://xhr.spec.whatwg.org/.", source: https://c1.sfdcstatic.com/etc.clientlibs/clientlibs/granite/jquery/granite.min.a6c15d5e8643e4b9e6a6845ada2e7a36.js (82)
[208:3140:0703/133034.945:INFO:CONSOLE(660)] "getJSON Failed", source: https://c1.sfdcstatic.com/etc/clientlibs/sfdc-www/clientlibs_sfdc_forms.min.0449afcb5af944c60d8096d0237ffd67.js (660)
