[2936:15104:0701/134739.325:WARNING:chrome_command_line_pref_store.cc(122)] Additional command-line proxy switches specified when --no-proxy-server was also specified.
[2936:15104:0701/134739.329:WARNING:chrome_command_line_pref_store.cc(122)] Additional command-line proxy switches specified when --no-proxy-server was also specified.
[2936:15104:0701/134739.383:WARNING:chrome_command_line_pref_store.cc(122)] Additional command-line proxy switches specified when --no-proxy-server was also specified.
[2936:9248:0701/134740.031:WARNING:leveldb_database.cc(106)] Unable to open C:\Users\AzizMugdal\git\24-7PeopleXCDPayroll\.provarCaches\.chromeProfiles\profile3\Default\shared_proto_db: Invalid argument: C:\Users\AzizMugdal\git\24-7PeopleXCDPayroll\.provarCaches\.chromeProfiles\profile3\Default\shared_proto_db: does not exist (create_if_missing is false)
[2936:15104:0701/134751.107:INFO:CONSOLE(28)] "[object Object]", source: https://xcdautomationlex--payrolfull.lightning.force.com/libraries/instrumentation/beaconLib/BeaconLibrary.js (28)
[2936:15104:0701/134753.560:INFO:CONSOLE(28)] "[object Object]", source: https://xcdautomationlex--payrolfull.lightning.force.com/libraries/instrumentation/beaconLib/BeaconLibrary.js (28)
[2936:15104:0701/134756.235:INFO:CONSOLE(346)] "WARNING: Tried to load AngularJS more than once.", source: https://code.angularjs.org/snapshot/angular.min.js (346)
[2936:15104:0701/134756.260:INFO:CONSOLE(246)] "WARNING: Tried to load angular more than once.", source: https://cdnjs.cloudflare.com/ajax/libs/angular.js/1.3.0/angular.min.js (246)
[2936:15104:0701/134756.387:INFO:CONSOLE(155)] "[LEXI:navigator:communication] waiting for connection on page", source: https://xcdautomationlex--payrolfull--xcdhcm.cs107.visual.force.com/jslibrary/1560967074220/sfdc/AuraAlohaFrameNavigator.js (155)
[2936:15104:0701/134756.532:INFO:CONSOLE(156)] "[LEXI:navigator:communication] connection established on page", source: https://xcdautomationlex--payrolfull--xcdhcm.cs107.visual.force.com/jslibrary/1560967074220/sfdc/AuraAlohaFrameNavigator.js (156)
[2936:15104:0701/134835.888:INFO:CONSOLE(155)] "[LEXI:navigator:communication] waiting for connection on page", source: https://xcdautomationlex--payrolfull--xcdhcm.cs107.visual.force.com/jslibrary/1560967074220/sfdc/AuraAlohaFrameNavigator.js (155)
[2936:15104:0701/134836.004:INFO:CONSOLE(156)] "[LEXI:navigator:communication] connection established on page", source: https://xcdautomationlex--payrolfull--xcdhcm.cs107.visual.force.com/jslibrary/1560967074220/sfdc/AuraAlohaFrameNavigator.js (156)
[2936:15104:0701/134836.149:INFO:CONSOLE(28)] "[object Object]", source: https://xcdautomationlex--payrolfull.lightning.force.com/libraries/instrumentation/beaconLib/BeaconLibrary.js (28)
[2936:15104:0701/134914.674:INFO:CONSOLE(155)] "[LEXI:navigator:communication] waiting for connection on page", source: https://xcdautomationlex--payrolfull--xcdhcm.cs107.visual.force.com/jslibrary/1560967074220/sfdc/AuraAlohaFrameNavigator.js (155)
[2936:15104:0701/134914.785:INFO:CONSOLE(156)] "[LEXI:navigator:communication] connection established on page", source: https://xcdautomationlex--payrolfull--xcdhcm.cs107.visual.force.com/jslibrary/1560967074220/sfdc/AuraAlohaFrameNavigator.js (156)
[2936:15104:0701/134914.924:INFO:CONSOLE(28)] "[object Object]", source: https://xcdautomationlex--payrolfull.lightning.force.com/libraries/instrumentation/beaconLib/BeaconLibrary.js (28)
[2936:15104:0701/134925.092:INFO:CONSOLE(213)] "WARNING: Tried to load angular more than once.", source: https://ajax.googleapis.com/ajax/libs/angularjs/1.2.23/angular.min.js (213)
[2936:15104:0701/134925.154:INFO:CONSOLE(155)] "[LEXI:navigator:communication] waiting for connection on page", source: https://xcdautomationlex--payrolfull--xcdhcm.cs107.visual.force.com/jslibrary/1560967074220/sfdc/AuraAlohaFrameNavigator.js (155)
[2936:15104:0701/134925.292:INFO:CONSOLE(156)] "[LEXI:navigator:communication] connection established on page", source: https://xcdautomationlex--payrolfull--xcdhcm.cs107.visual.force.com/jslibrary/1560967074220/sfdc/AuraAlohaFrameNavigator.js (156)
[2936:15104:0701/134925.698:INFO:CONSOLE(28)] "[object Object]", source: https://xcdautomationlex--payrolfull.lightning.force.com/libraries/instrumentation/beaconLib/BeaconLibrary.js (28)
[2936:15104:0701/135221.635:INFO:CONSOLE(82)] "Synchronous XMLHttpRequest on the main thread is deprecated because of its detrimental effects to the end user's experience. For more help, check https://xhr.spec.whatwg.org/.", source: https://c1.sfdcstatic.com/etc.clientlibs/clientlibs/granite/jquery/granite.min.a6c15d5e8643e4b9e6a6845ada2e7a36.js (82)
[2936:15104:0701/135221.726:INFO:CONSOLE(660)] "getJSON Failed", source: https://c1.sfdcstatic.com/etc/clientlibs/sfdc-www/clientlibs_sfdc_forms.min.0449afcb5af944c60d8096d0237ffd67.js (660)
