[12988:16328:0701/135750.545:WARNING:chrome_command_line_pref_store.cc(122)] Additional command-line proxy switches specified when --no-proxy-server was also specified.
[12988:16328:0701/135750.552:WARNING:chrome_command_line_pref_store.cc(122)] Additional command-line proxy switches specified when --no-proxy-server was also specified.
[12988:16328:0701/135750.627:WARNING:chrome_command_line_pref_store.cc(122)] Additional command-line proxy switches specified when --no-proxy-server was also specified.
[12988:456:0701/135751.142:WARNING:leveldb_database.cc(106)] Unable to open C:\Users\AzizMugdal\git\24-7PeopleXCDPayroll\.provarCaches\.chromeProfiles\profile5\Default\shared_proto_db: Invalid argument: C:\Users\AzizMugdal\git\24-7PeopleXCDPayroll\.provarCaches\.chromeProfiles\profile5\Default\shared_proto_db: does not exist (create_if_missing is false)
[12988:16328:0701/135801.839:INFO:CONSOLE(28)] "[object Object]", source: https://xcdautomationlex--payrolfull.lightning.force.com/libraries/instrumentation/beaconLib/BeaconLibrary.js (28)
[12988:16328:0701/135804.095:INFO:CONSOLE(28)] "[object Object]", source: https://xcdautomationlex--payrolfull.lightning.force.com/libraries/instrumentation/beaconLib/BeaconLibrary.js (28)
[12988:16328:0701/135806.980:INFO:CONSOLE(346)] "WARNING: Tried to load AngularJS more than once.", source: https://code.angularjs.org/snapshot/angular.min.js (346)
[12988:16328:0701/135807.020:INFO:CONSOLE(246)] "WARNING: Tried to load angular more than once.", source: https://cdnjs.cloudflare.com/ajax/libs/angular.js/1.3.0/angular.min.js (246)
[12988:16328:0701/135807.307:INFO:CONSOLE(155)] "[LEXI:navigator:communication] waiting for connection on page", source: https://xcdautomationlex--payrolfull--xcdhcm.cs107.visual.force.com/jslibrary/1560967074220/sfdc/AuraAlohaFrameNavigator.js (155)
[12988:12948:0701/135807.419:ERROR:shader_disk_cache.cc(258)] Failed to create shader cache entry: -2
[12988:16328:0701/135807.450:INFO:CONSOLE(156)] "[LEXI:navigator:communication] connection established on page", source: https://xcdautomationlex--payrolfull--xcdhcm.cs107.visual.force.com/jslibrary/1560967074220/sfdc/AuraAlohaFrameNavigator.js (156)
[12988:16328:0701/135846.735:INFO:CONSOLE(155)] "[LEXI:navigator:communication] waiting for connection on page", source: https://xcdautomationlex--payrolfull--xcdhcm.cs107.visual.force.com/jslibrary/1560967074220/sfdc/AuraAlohaFrameNavigator.js (155)
[12988:16328:0701/135846.859:INFO:CONSOLE(156)] "[LEXI:navigator:communication] connection established on page", source: https://xcdautomationlex--payrolfull--xcdhcm.cs107.visual.force.com/jslibrary/1560967074220/sfdc/AuraAlohaFrameNavigator.js (156)
[12988:16328:0701/135847.007:INFO:CONSOLE(28)] "[object Object]", source: https://xcdautomationlex--payrolfull.lightning.force.com/libraries/instrumentation/beaconLib/BeaconLibrary.js (28)
[12988:16328:0701/135928.707:INFO:CONSOLE(155)] "[LEXI:navigator:communication] waiting for connection on page", source: https://xcdautomationlex--payrolfull--xcdhcm.cs107.visual.force.com/jslibrary/1560967074220/sfdc/AuraAlohaFrameNavigator.js (155)
[12988:16328:0701/135928.812:INFO:CONSOLE(156)] "[LEXI:navigator:communication] connection established on page", source: https://xcdautomationlex--payrolfull--xcdhcm.cs107.visual.force.com/jslibrary/1560967074220/sfdc/AuraAlohaFrameNavigator.js (156)
[12988:16328:0701/135928.962:INFO:CONSOLE(28)] "[object Object]", source: https://xcdautomationlex--payrolfull.lightning.force.com/libraries/instrumentation/beaconLib/BeaconLibrary.js (28)
[12988:16328:0701/135938.834:INFO:CONSOLE(213)] "WARNING: Tried to load angular more than once.", source: https://ajax.googleapis.com/ajax/libs/angularjs/1.2.23/angular.min.js (213)
[12988:16328:0701/135939.043:INFO:CONSOLE(155)] "[LEXI:navigator:communication] waiting for connection on page", source: https://xcdautomationlex--payrolfull--xcdhcm.cs107.visual.force.com/jslibrary/1560967074220/sfdc/AuraAlohaFrameNavigator.js (155)
[12988:16328:0701/135939.178:INFO:CONSOLE(156)] "[LEXI:navigator:communication] connection established on page", source: https://xcdautomationlex--payrolfull--xcdhcm.cs107.visual.force.com/jslibrary/1560967074220/sfdc/AuraAlohaFrameNavigator.js (156)
[12988:16328:0701/135939.827:INFO:CONSOLE(28)] "[object Object]", source: https://xcdautomationlex--payrolfull.lightning.force.com/libraries/instrumentation/beaconLib/BeaconLibrary.js (28)
[12988:16328:0701/140112.604:INFO:CONSOLE(213)] "WARNING: Tried to load angular more than once.", source: https://ajax.googleapis.com/ajax/libs/angularjs/1.2.23/angular.min.js (213)
[12988:16328:0701/140113.064:INFO:CONSOLE(155)] "[LEXI:navigator:communication] waiting for connection on page", source: https://xcdautomationlex--payrolfull--xcdhcm.cs107.visual.force.com/jslibrary/1560967074220/sfdc/AuraAlohaFrameNavigator.js (155)
[12988:16328:0701/140113.188:INFO:CONSOLE(156)] "[LEXI:navigator:communication] connection established on page", source: https://xcdautomationlex--payrolfull--xcdhcm.cs107.visual.force.com/jslibrary/1560967074220/sfdc/AuraAlohaFrameNavigator.js (156)
[12988:16328:0701/140113.356:INFO:CONSOLE(28)] "[object Object]", source: https://xcdautomationlex--payrolfull.lightning.force.com/libraries/instrumentation/beaconLib/BeaconLibrary.js (28)
[12988:16328:0701/140113.397:INFO:CONSOLE(28)] "[object Object]", source: https://xcdautomationlex--payrolfull.lightning.force.com/libraries/instrumentation/beaconLib/BeaconLibrary.js (28)
[12988:16328:0701/140244.783:INFO:CONSOLE(82)] "Synchronous XMLHttpRequest on the main thread is deprecated because of its detrimental effects to the end user's experience. For more help, check https://xhr.spec.whatwg.org/.", source: https://c1.sfdcstatic.com/etc.clientlibs/clientlibs/granite/jquery/granite.min.a6c15d5e8643e4b9e6a6845ada2e7a36.js (82)
[12988:16328:0701/140244.792:INFO:CONSOLE(660)] "getJSON Failed", source: https://c1.sfdcstatic.com/etc/clientlibs/sfdc-www/clientlibs_sfdc_forms.min.0449afcb5af944c60d8096d0237ffd67.js (660)
